<?xml version="1.0" encoding="UTF-8"?>
<coverage generated="1633700411112" clover="3.2.0">
  <project timestamp="1633700411113" name="All files">
    <metrics statements="13" coveredstatements="13" conditionals="11" coveredconditionals="9" methods="0" coveredmethods="0" elements="24" coveredelements="22" complexity="0" loc="13" ncloc="13" packages="3" files="3" classes="3"/>
    <package name="src">
      <metrics statements="0" coveredstatements="0" conditionals="0" coveredconditionals="0" methods="0" coveredmethods="0"/>
      <file name="global.d.ts" path="I:\Repository\Svelte\memento-sveltekit-jest\src\global.d.ts">
        <metrics statements="0" coveredstatements="0" conditionals="0" coveredconditionals="0" methods="0" coveredmethods="0"/>
      </file>
    </package>
    <package name="src.lib">
      <metrics statements="10" coveredstatements="10" conditionals="11" coveredconditionals="9" methods="0" coveredmethods="0"/>
      <file name="RandomButton.svelte" path="I:\Repository\Svelte\memento-sveltekit-jest\src\lib\RandomButton.svelte">
        <metrics statements="10" coveredstatements="10" conditionals="11" coveredconditionals="9" methods="0" coveredmethods="0"/>
        <line num="2" count="9" type="cond" truecount="1" falsecount="0"/>
        <line num="4" count="9" type="stmt"/>
        <line num="7" count="2" type="cond" truecount="2" falsecount="0"/>
        <line num="8" count="2" type="stmt"/>
        <line num="12" count="2" type="stmt"/>
        <line num="13" count="2" type="stmt"/>
        <line num="17" count="9" type="stmt"/>
        <line num="18" count="9" type="stmt"/>
        <line num="19" count="13" type="cond" truecount="5" falsecount="1"/>
        <line num="20" count="13" type="cond" truecount="1" falsecount="1"/>
      </file>
    </package>
    <package name="src.routes">
      <metrics statements="3" coveredstatements="3" conditionals="0" coveredconditionals="0" methods="0" coveredmethods="0"/>
      <file name="index.svelte" path="I:\Repository\Svelte\memento-sveltekit-jest\src\routes\index.svelte">
        <metrics statements="3" coveredstatements="3" conditionals="0" coveredconditionals="0" methods="0" coveredmethods="0"/>
        <line num="2" count="1" type="stmt"/>
        <line num="5" count="1" type="stmt"/>
        <line num="6" count="1" type="stmt"/>
      </file>
    </package>
  </project>
</coverage>
