{"I:\\Repository\\Svelte\\memento-sveltekit-jest\\src\\global.d.ts": {"path":"I:\\Repository\\Svelte\\memento-sveltekit-jest\\src\\global.d.ts","statementMap":{},"fnMap":{},"branchMap":{},"s":{},"f":{},"b":{},"inputSourceMap":null}
,"I:\\Repository\\Svelte\\memento-sveltekit-jest\\src\\lib\\RandomButton.svelte": {"path":"I:\\Repository\\Svelte\\memento-sveltekit-jest\\src\\lib\\RandomButton.svelte","statementMap":{"0":{"start":{"line":19,"column":64},"end":{"line":19,"column":77}},"1":{"start":{"line":20,"column":49},"end":{"line":20,"column":67}},"2":{"start":{"line":19,"column":34},"end":{"line":19,"column":64}},"3":{"start":{"line":17,"column":0},"end":{"line":21,"column":null}},"4":{"start":{"line":18,"column":1},"end":{"line":18,"column":null}},"5":{"start":{"line":19,"column":1},"end":{"line":19,"column":null}},"6":{"start":{"line":20,"column":1},"end":{"line":20,"column":null}},"7":{"start":{"line":18,"column":32},"end":{"line":18,"column":67}},"8":{"start":{"line":7,"column":0},"end":{"line":7,"column":null}},"9":{"start":{"line":8,"column":0},"end":{"line":8,"column":null}},"10":{"start":{"line":2,"column":0},"end":{"line":2,"column":null}},"11":{"start":{"line":4,"column":0},"end":{"line":4,"column":null}},"12":{"start":{"line":12,"column":0},"end":{"line":12,"column":null}},"13":{"start":{"line":13,"column":0},"end":{"line":13,"column":null}}},"fnMap":{},"branchMap":{"0":{"loc":{"start":{"line":19,"column":46},"end":{"line":19,"column":51}},"type":"cond-expr","locations":[{"start":{"line":19,"column":46},"end":{"line":19,"column":51}},{"start":{"line":19,"column":54},"end":{"line":19,"column":61}}]},"1":{"loc":{"start":{"line":19,"column":64},"end":{"line":19,"column":77}},"type":"if","locations":[{"start":{"line":19,"column":64},"end":{"line":19,"column":77}},{"start":{"line":19,"column":64},"end":{"line":19,"column":77}}]},"2":{"loc":{"start":{"line":19,"column":34},"end":{"line":19,"column":39}},"type":"binary-expr","locations":[{"start":{"line":19,"column":34},"end":{"line":19,"column":39}},{"start":{"line":19,"column":34},"end":{"line":19,"column":64}}]},"3":{"loc":{"start":{"line":20,"column":49},"end":{"line":20,"column":67}},"type":"if","locations":[{"start":{"line":20,"column":49},"end":{"line":20,"column":67}},{"start":{"line":20,"column":49},"end":{"line":20,"column":67}}]},"4":{"loc":{"start":{"line":7,"column":0},"end":{"line":7,"column":null}},"type":"cond-expr","locations":[{"start":{"line":7,"column":0},"end":{"line":7,"column":null}},{"start":{"line":7,"column":0},"end":{"line":7,"column":null}}]},"5":{"loc":{"start":{"line":2,"column":0},"end":{"line":2,"column":null}},"type":"default-arg","locations":[{"start":{"line":2,"column":0},"end":{"line":2,"column":null}}]}},"s":{"0":13,"1":13,"2":9,"3":9,"4":9,"5":9,"6":9,"7":9,"8":2,"9":2,"10":9,"11":9,"12":2,"13":2},"f":{},"b":{"0":[2,9],"1":[2,0],"2":[2,2],"3":[2,0],"4":[1,1],"5":[6]}}
,"I:\\Repository\\Svelte\\memento-sveltekit-jest\\src\\routes\\index.svelte": {"path":"I:\\Repository\\Svelte\\memento-sveltekit-jest\\src\\routes\\index.svelte","statementMap":{"0":{"start":{"line":2,"column":0},"end":{"line":2,"column":null}},"1":{"start":{"line":6,"column":3},"end":{"line":6,"column":60}},"2":{"start":{"line":6,"column":60},"end":{"line":6,"column":89}},"3":{"start":{"line":5,"column":0},"end":{"line":5,"column":null}},"4":{"start":{"line":6,"column":0},"end":{"line":6,"column":null}},"5":{"start":{"line":6,"column":9},"end":{"line":6,"column":86}}},"fnMap":{},"branchMap":{},"s":{"0":1,"1":1,"2":1,"3":1,"4":1,"5":1},"f":{},"b":{}}
}
